# JRE version: Java(TM) SE Runtime Environment (8.0_151-b12) (build 1.8.0_151-b12)
# Java VM: Java HotSpot(TM) 64-Bit Server VM (25.151-b12 mixed mode windows-amd64 compressed oops)
Heap:
 PSYoungGen      total 235520K, used 28907K [0x00000000d5580000, 0x00000000e8c80000, 0x0000000100000000)
  eden space 220672K, 13% used [0x00000000d5580000,0x00000000d71badf8,0x00000000e2d00000)
  from space 14848K, 0% used [0x00000000e2d00000,0x00000000e2d00000,0x00000000e3b80000)
  to   space 14336K, 0% used [0x00000000e7e80000,0x00000000e7e80000,0x00000000e8c80000)
 ParOldGen       total 78336K, used 19943K [0x0000000080000000, 0x0000000084c80000, 0x00000000d5580000)
  object space 78336K, 25% used [0x0000000080000000,0x0000000081379f88,0x0000000084c80000)
 Metaspace       used 58270K, capacity 60168K, committed 60416K, reserved 1101824K
  class space    used 7759K, capacity 8131K, committed 8192K, reserved 1048576K
GC Heap History (10 events):
Event: 6.854 GC heap before
{Heap before GC invocations=10 (full 2):
 PSYoungGen      total 230400K, used 9031K [0x00000000d5580000, 0x00000000e4480000, 0x0000000100000000)
  eden space 221184K, 0% used [0x00000000d5580000,0x00000000d5580000,0x00000000e2d80000)
  from space 9216K, 97% used [0x00000000e3b80000,0x00000000e4451eb8,0x00000000e4480000)
  to   space 10240K, 0% used [0x00000000e3080000,0x00000000e3080000,0x00000000e3a80000)
 ParOldGen       total 50176K, used 6318K [0x0000000080000000, 0x0000000083100000, 0x00000000d5580000)
  object space 50176K, 12% used [0x0000000080000000,0x000000008062b948,0x0000000083100000)
 Metaspace       used 34602K, capacity 35326K, committed 35496K, reserved 1081344K
  class space    used 4373K, capacity 4555K, committed 4608K, reserved 1048576K
Event: 6.915 GC heap after
Heap after GC invocations=10 (full 2):
 PSYoungGen      total 230400K, used 0K [0x00000000d5580000, 0x00000000e4480000, 0x0000000100000000)
  eden space 221184K, 0% used [0x00000000d5580000,0x00000000d5580000,0x00000000e2d80000)
  from space 9216K, 0% used [0x00000000e3b80000,0x00000000e3b80000,0x00000000e4480000)
  to   space 10240K, 0% used [0x00000000e3080000,0x00000000e3080000,0x00000000e3a80000)
 ParOldGen       total 78336K, used 13967K [0x0000000080000000, 0x0000000084c80000, 0x00000000d5580000)
  object space 78336K, 17% used [0x0000000080000000,0x0000000080da3dd8,0x0000000084c80000)
 Metaspace       used 34602K, capacity 35326K, committed 35496K, reserved 1081344K
  class space    used 4373K, capacity 4555K, committed 4608K, reserved 1048576K
}
Event: 8.794 GC heap before
{Heap before GC invocations=11 (full 2):
 PSYoungGen      total 230400K, used 221184K [0x00000000d5580000, 0x00000000e4480000, 0x0000000100000000)
  eden space 221184K, 100% used [0x00000000d5580000,0x00000000e2d80000,0x00000000e2d80000)
  from space 9216K, 0% used [0x00000000e3b80000,0x00000000e3b80000,0x00000000e4480000)
  to   space 10240K, 0% used [0x00000000e3080000,0x00000000e3080000,0x00000000e3a80000)
 ParOldGen       total 78336K, used 13967K [0x0000000080000000, 0x0000000084c80000, 0x00000000d5580000)
  object space 78336K, 17% used [0x0000000080000000,0x0000000080da3dd8,0x0000000084c80000)
 Metaspace       used 44093K, capacity 45244K, committed 45312K, reserved 1089536K
  class space    used 5620K, capacity 5856K, committed 5888K, reserved 1048576K
Event: 8.823 GC heap after
Heap after GC invocations=11 (full 2):
 PSYoungGen      total 231424K, used 10214K [0x00000000d5580000, 0x00000000e4480000, 0x0000000100000000)
  eden space 221184K, 0% used [0x00000000d5580000,0x00000000d5580000,0x00000000e2d80000)
  from space 10240K, 99% used [0x00000000e3080000,0x00000000e3a79980,0x00000000e3a80000)
  to   space 9216K, 0% used [0x00000000e3b80000,0x00000000e3b80000,0x00000000e4480000)
 ParOldGen       total 78336K, used 16016K [0x0000000080000000, 0x0000000084c80000, 0x00000000d5580000)
  object space 78336K, 20% used [0x0000000080000000,0x0000000080fa4190,0x0000000084c80000)
 Metaspace       used 44093K, capacity 45244K, committed 45312K, reserved 1089536K
  class space    used 5620K, capacity 5856K, committed 5888K, reserved 1048576K
}
Event: 11.281 GC heap before
{Heap before GC invocations=12 (full 2):
 PSYoungGen      total 231424K, used 231398K [0x00000000d5580000, 0x00000000e4480000, 0x0000000100000000)
  eden space 221184K, 100% used [0x00000000d5580000,0x00000000e2d80000,0x00000000e2d80000)
  from space 10240K, 99% used [0x00000000e3080000,0x00000000e3a79980,0x00000000e3a80000)
  to   space 9216K, 0% used [0x00000000e3b80000,0x00000000e3b80000,0x00000000e4480000)
 ParOldGen       total 78336K, used 16016K [0x0000000080000000, 0x0000000084c80000, 0x00000000d5580000)
  object space 78336K, 20% used [0x0000000080000000,0x0000000080fa4190,0x0000000084c80000)
 Metaspace       used 54237K, capacity 55816K, committed 55936K, reserved 1097728K
  class space    used 7166K, capacity 7498K, committed 7552K, reserved 1048576K
Event: 11.294 GC heap after
Heap after GC invocations=12 (full 2):
 PSYoungGen      total 229888K, used 9205K [0x00000000d5580000, 0x00000000e8b00000, 0x0000000100000000)
  eden space 220672K, 0% used [0x00000000d5580000,0x00000000d5580000,0x00000000e2d00000)
  from space 9216K, 99% used [0x00000000e3b80000,0x00000000e447d4e8,0x00000000e4480000)
  to   space 14848K, 0% used [0x00000000e2d00000,0x00000000e2d00000,0x00000000e3b80000)
 ParOldGen       total 78336K, used 20791K [0x0000000080000000, 0x0000000084c80000, 0x00000000d5580000)
  object space 78336K, 26% used [0x0000000080000000,0x000000008144de20,0x0000000084c80000)
 Metaspace       used 54237K, capacity 55816K, committed 55936K, reserved 1097728K
  class space    used 7166K, capacity 7498K, committed 7552K, reserved 1048576K
}
Event: 11.905 GC heap before
{Heap before GC invocations=13 (full 2):
 PSYoungGen      total 229888K, used 83856K [0x00000000d5580000, 0x00000000e8b00000, 0x0000000100000000)
  eden space 220672K, 33% used [0x00000000d5580000,0x00000000d9e66c48,0x00000000e2d00000)
  from space 9216K, 99% used [0x00000000e3b80000,0x00000000e447d4e8,0x00000000e4480000)
  to   space 14848K, 0% used [0x00000000e2d00000,0x00000000e2d00000,0x00000000e3b80000)
 ParOldGen       total 78336K, used 20791K [0x0000000080000000, 0x0000000084c80000, 0x00000000d5580000)
  object space 78336K, 26% used [0x0000000080000000,0x000000008144de20,0x0000000084c80000)
 Metaspace       used 57315K, capacity 59086K, committed 59160K, reserved 1099776K
  class space    used 7607K, capacity 7992K, committed 8064K, reserved 1048576K
Event: 11.915 GC heap after
Heap after GC invocations=13 (full 2):
 PSYoungGen      total 235520K, used 3700K [0x00000000d5580000, 0x00000000e8c80000, 0x0000000100000000)
  eden space 220672K, 0% used [0x00000000d5580000,0x00000000d5580000,0x00000000e2d00000)
  from space 14848K, 24% used [0x00000000e2d00000,0x00000000e309d3d8,0x00000000e3b80000)
  to   space 14336K, 0% used [0x00000000e7e80000,0x00000000e7e80000,0x00000000e8c80000)
 ParOldGen       total 78336K, used 27905K [0x0000000080000000, 0x0000000084c80000, 0x00000000d5580000)
  object space 78336K, 35% used [0x0000000080000000,0x0000000081b40410,0x0000000084c80000)
 Metaspace       used 57315K, capacity 59086K, committed 59160K, reserved 1099776K
  class space    used 7607K, capacity 7992K, committed 8064K, reserved 1048576K
}
Event: 11.915 GC heap before
{Heap before GC invocations=14 (full 3):
 PSYoungGen      total 235520K, used 3700K [0x00000000d5580000, 0x00000000e8c80000, 0x0000000100000000)
  eden space 220672K, 0% used [0x00000000d5580000,0x00000000d5580000,0x00000000e2d00000)
  from space 14848K, 24% used [0x00000000e2d00000,0x00000000e309d3d8,0x00000000e3b80000)
  to   space 14336K, 0% used [0x00000000e7e80000,0x00000000e7e80000,0x00000000e8c80000)
 ParOldGen       total 78336K, used 27905K [0x0000000080000000, 0x0000000084c80000, 0x00000000d5580000)
  object space 78336K, 35% used [0x0000000080000000,0x0000000081b40410,0x0000000084c80000)
 Metaspace       used 57315K, capacity 59086K, committed 59160K, reserved 1099776K
  class space    used 7607K, capacity 7992K, committed 8064K, reserved 1048576K
Event: 12.012 GC heap after
Heap after GC invocations=14 (full 3):
 PSYoungGen      total 235520K, used 0K [0x00000000d5580000, 0x00000000e8c80000, 0x0000000100000000)
  eden space 220672K, 0% used [0x00000000d5580000,0x00000000d5580000,0x00000000e2d00000)
  from space 14848K, 0% used [0x00000000e2d00000,0x00000000e2d00000,0x00000000e3b80000)
  to   space 14336K, 0% used [0x00000000e7e80000,0x00000000e7e80000,0x00000000e8c80000)
 ParOldGen       total 78336K, used 19943K [0x0000000080000000, 0x0000000084c80000, 0x00000000d5580000)
  object space 78336K, 25% used [0x0000000080000000,0x0000000081379f88,0x0000000084c80000)
 Metaspace       used 57315K, capacity 59086K, committed 59160K, reserved 1099776K
  class space    used 7607K, capacity 7992K, committed 8064K, reserved 1048576K
}

